--------------------------------------------------------------------------------
Release 14.7 Trace  (nt64)
Copyright (c) 1995-2013 Xilinx, Inc.  All rights reserved.

D:\Softwares\Xilinx\14.7\ISE_DS\ISE\bin\nt64\unwrapped\trce.exe -intstyle ise
-v 3 -s 3 -n 3 -fastpaths -xml SOC.twx SOC.ncd -o SOC.twr SOC.pcf -ucf UCF.ucf

Design file:              SOC.ncd
Physical constraint file: SOC.pcf
Device,package,speed:     xc6slx16,csg324,C,-3 (PRODUCTION 1.23 2013-10-13)
Report level:             verbose report

Environment Variable      Effect 
--------------------      ------ 
NONE                      No environment variables were set
--------------------------------------------------------------------------------

INFO:Timing:2698 - No timing constraints found, doing default enumeration.
INFO:Timing:3412 - To improve timing, see the Timing Closure User Guide (UG612).
INFO:Timing:2752 - To get complete path coverage, use the unconstrained paths 
   option. All paths that are not constrained will be reported in the 
   unconstrained paths section(s) of the report.
INFO:Timing:3339 - The clock-to-out numbers in this timing report are based on 
   a 50 Ohm transmission line loading model.  For the details of this model, 
   and for more information on accounting for different loading conditions, 
   please see the device datasheet.



Data Sheet report:
-----------------
All values displayed in nanoseconds (ns)

Setup/Hold to clock clk_100mhz
------------+------------+------------+------------+------------+------------------+--------+
            |Max Setup to|  Process   |Max Hold to |  Process   |                  | Clock  |
Source      | clk (edge) |   Corner   | clk (edge) |   Corner   |Internal Clock(s) | Phase  |
------------+------------+------------+------------+------------+------------------+--------+
BTN<0>      |    6.595(R)|      SLOW  |   -0.508(R)|      SLOW  |clk_100mhz_BUFGP  |   0.000|
BTN<1>      |    7.970(R)|      SLOW  |   -0.925(R)|      FAST  |clk_100mhz_BUFGP  |   0.000|
BTN<2>      |    6.066(R)|      SLOW  |   -0.533(R)|      SLOW  |clk_100mhz_BUFGP  |   0.000|
BTN<3>      |    6.401(R)|      SLOW  |   -0.723(R)|      FAST  |clk_100mhz_BUFGP  |   0.000|
BTN<4>      |    6.511(R)|      SLOW  |   -0.459(R)|      SLOW  |clk_100mhz_BUFGP  |   0.000|
SW<0>       |    5.478(R)|      SLOW  |   -0.334(R)|      SLOW  |clk_100mhz_BUFGP  |   0.000|
SW<1>       |    7.288(R)|      SLOW  |   -0.140(R)|      SLOW  |clk_100mhz_BUFGP  |   0.000|
SW<2>       |    5.368(R)|      SLOW  |   -0.069(R)|      SLOW  |clk_100mhz_BUFGP  |   0.000|
SW<3>       |    5.784(R)|      SLOW  |   -0.372(R)|      SLOW  |clk_100mhz_BUFGP  |   0.000|
SW<4>       |    5.468(R)|      SLOW  |   -0.268(R)|      SLOW  |clk_100mhz_BUFGP  |   0.000|
SW<5>       |    5.416(R)|      SLOW  |   -0.205(R)|      SLOW  |clk_100mhz_BUFGP  |   0.000|
SW<6>       |    5.578(R)|      SLOW  |   -0.149(R)|      SLOW  |clk_100mhz_BUFGP  |   0.000|
SW<7>       |    5.965(R)|      SLOW  |   -0.503(R)|      SLOW  |clk_100mhz_BUFGP  |   0.000|
------------+------------+------------+------------+------------+------------------+--------+

Clock clk_100mhz to Pad
------------+-----------------+------------+-----------------+------------+------------------+--------+
            |Max (slowest) clk|  Process   |Min (fastest) clk|  Process   |                  | Clock  |
Destination |  (edge) to PAD  |   Corner   |  (edge) to PAD  |   Corner   |Internal Clock(s) | Phase  |
------------+-----------------+------------+-----------------+------------+------------------+--------+
AN<0>       |         7.851(F)|      SLOW  |         4.354(F)|      FAST  |clk_100mhz_BUFGP  |   0.000|
AN<1>       |         7.780(F)|      SLOW  |         4.311(F)|      FAST  |clk_100mhz_BUFGP  |   0.000|
AN<2>       |         7.500(F)|      SLOW  |         4.143(F)|      FAST  |clk_100mhz_BUFGP  |   0.000|
AN<3>       |         7.591(F)|      SLOW  |         4.198(F)|      FAST  |clk_100mhz_BUFGP  |   0.000|
SEGMENT<0>  |         8.301(F)|      SLOW  |         4.621(F)|      FAST  |clk_100mhz_BUFGP  |   0.000|
SEGMENT<1>  |         8.531(F)|      SLOW  |         4.858(F)|      FAST  |clk_100mhz_BUFGP  |   0.000|
SEGMENT<2>  |         8.471(F)|      SLOW  |         4.754(F)|      FAST  |clk_100mhz_BUFGP  |   0.000|
SEGMENT<3>  |         8.413(F)|      SLOW  |         4.715(F)|      FAST  |clk_100mhz_BUFGP  |   0.000|
SEGMENT<4>  |         8.469(F)|      SLOW  |         4.722(F)|      FAST  |clk_100mhz_BUFGP  |   0.000|
SEGMENT<5>  |         8.566(F)|      SLOW  |         4.835(F)|      FAST  |clk_100mhz_BUFGP  |   0.000|
SEGMENT<6>  |         8.694(F)|      SLOW  |         4.889(F)|      FAST  |clk_100mhz_BUFGP  |   0.000|
SEGMENT<7>  |         8.369(F)|      SLOW  |         4.666(F)|      FAST  |clk_100mhz_BUFGP  |   0.000|
------------+-----------------+------------+-----------------+------------+------------------+--------+

Clock to Setup on destination clock clk_100mhz
---------------+---------+---------+---------+---------+
               | Src:Rise| Src:Fall| Src:Rise| Src:Fall|
Source Clock   |Dest:Rise|Dest:Rise|Dest:Fall|Dest:Fall|
---------------+---------+---------+---------+---------+
clk_100mhz     |    7.375|         |    6.979|         |
---------------+---------+---------+---------+---------+


Analysis completed Sun Apr 17 16:43:28 2016 
--------------------------------------------------------------------------------

Trace Settings:
-------------------------
Trace Settings 

Peak Memory Usage: 285 MB



