INFO:sim:172 - Generating IP...
Applying current project options...
Finished applying current project options.
WARNING:sim - A core named 'VRAM_B' already exists in the project. Output
   products for this core may be overwritten.
Resolving generics for 'VRAM_B'...
WARNING:sim - A core named 'VRAM_B' already exists in the project. Output
   products for this core may be overwritten.
Applying external generics to 'VRAM_B'...
Delivering associated files for 'VRAM_B'...
Delivering EJava files for 'VRAM_B'...
Generating implementation netlist for 'VRAM_B'...
INFO:sim - Pre-processing HDL files for 'VRAM_B'...
Running synthesis for 'VRAM_B'
Running ngcbuild...
Writing VEO instantiation template for 'VRAM_B'...
Writing Verilog behavioral simulation model for 'VRAM_B'...
WARNING:sim - Overwriting existing file
   E:/ArchWorkspace/Arch_Lab1/ipcore_dir/tmp/_cg/VRAM_B/doc/blk_mem_gen_v7_3_vin
   fo.html with file from view xilinx_documentation
Delivered 1 file into directory
E:/ArchWorkspace/Arch_Lab1/ipcore_dir/tmp/_cg/VRAM_B
Generating ASY schematic symbol...
INFO:sim:949 - Finished generation of ASY schematic symbol.
Generating SYM schematic symbol for 'VRAM_B'...
Generating metadata file...
Regenerating ISE project file for 'VRAM_B'...
Generating ISE project...
XCO file found: VRAM_B.xco
XMDF file found: VRAM_B_xmdf.tcl
Adding E:/ArchWorkspace/Arch_Lab1/ipcore_dir/tmp/_cg/VRAM_B.asy -view all
-origin_type imported
Adding E:/ArchWorkspace/Arch_Lab1/ipcore_dir/tmp/_cg/VRAM_B.ngc -view all
-origin_type created
Checking file "E:/ArchWorkspace/Arch_Lab1/ipcore_dir/tmp/_cg/VRAM_B.ngc" for
project device match ...
File "E:/ArchWorkspace/Arch_Lab1/ipcore_dir/tmp/_cg/VRAM_B.ngc" device
information matches project device.
Adding E:/ArchWorkspace/Arch_Lab1/ipcore_dir/tmp/_cg/VRAM_B.sym -view all
-origin_type imported
Adding E:/ArchWorkspace/Arch_Lab1/ipcore_dir/tmp/_cg/VRAM_B.v -view all
-origin_type created
INFO:HDLCompiler:1845 - Analyzing Verilog file
   "E:/ArchWorkspace/Arch_Lab1/ipcore_dir/tmp/_cg/VRAM_B.v" into library work
INFO:ProjectMgmt - Parsing design hierarchy completed successfully.
Adding E:/ArchWorkspace/Arch_Lab1/ipcore_dir/tmp/_cg/VRAM_B.veo -view all
-origin_type imported
INFO:TclTasksC:2116 - The automatic calculation of top has been turned-off.
   Please set the new top explicitly by running the "project set top" command.
   To re-calculate the new top automatically, set the "Auto Implementation Top"
   property to true.
Top level has been set to "/VRAM_B"
Generating README file...
Generating FLIST file...
INFO:sim:948 - Finished FLIST file generation.
Launching README viewer...
Moving files to output directory...
Finished moving files to output directory
Wrote CGP file for project 'VRAM_B'.
