INFO:sim:172 - Generating IP...
Applying current project options...
Finished applying current project options.
WARNING:sim - A core named 'Inst_MEM' already exists in the project. Output
   products for this core may be overwritten.
Resolving generics for 'Inst_MEM'...
WARNING:sim - A core named 'Inst_MEM' already exists in the project. Output
   products for this core may be overwritten.
Applying external generics to 'Inst_MEM'...
Delivering associated files for 'Inst_MEM'...
Delivering EJava files for 'Inst_MEM'...
Generating implementation netlist for 'Inst_MEM'...
INFO:sim - Pre-processing HDL files for 'Inst_MEM'...
Running synthesis for 'Inst_MEM'
Running ngcbuild...
Writing VEO instantiation template for 'Inst_MEM'...
Writing Verilog behavioral simulation model for 'Inst_MEM'...
WARNING:sim - Overwriting existing file
   D:/CodingNet/Arch/Arch_Lab2/ipcore_dir/tmp/_cg/Inst_MEM/doc/blk_mem_gen_v7_3_
   vinfo.html with file from view xilinx_documentation
Delivered 1 file into directory
D:/CodingNet/Arch/Arch_Lab2/ipcore_dir/tmp/_cg/Inst_MEM
Generating ASY schematic symbol...
INFO:sim:949 - Finished generation of ASY schematic symbol.
Generating SYM schematic symbol for 'Inst_MEM'...
Generating metadata file...
Regenerating ISE project file for 'Inst_MEM'...
Generating ISE project...
XCO file found: Inst_MEM.xco
XMDF file found: Inst_MEM_xmdf.tcl
Adding D:/CodingNet/Arch/Arch_Lab2/ipcore_dir/tmp/_cg/Inst_MEM.asy -view all
-origin_type imported
Adding D:/CodingNet/Arch/Arch_Lab2/ipcore_dir/tmp/_cg/Inst_MEM.ngc -view all
-origin_type created
Checking file "D:/CodingNet/Arch/Arch_Lab2/ipcore_dir/tmp/_cg/Inst_MEM.ngc" for
project device match ...
File "D:/CodingNet/Arch/Arch_Lab2/ipcore_dir/tmp/_cg/Inst_MEM.ngc" device
information matches project device.
Adding D:/CodingNet/Arch/Arch_Lab2/ipcore_dir/tmp/_cg/Inst_MEM.sym -view all
-origin_type imported
Adding D:/CodingNet/Arch/Arch_Lab2/ipcore_dir/tmp/_cg/Inst_MEM.v -view all
-origin_type created
INFO:HDLCompiler:1845 - Analyzing Verilog file
   "D:/CodingNet/Arch/Arch_Lab2/ipcore_dir/tmp/_cg/Inst_MEM.v" into library work
INFO:ProjectMgmt - Parsing design hierarchy completed successfully.
Adding D:/CodingNet/Arch/Arch_Lab2/ipcore_dir/tmp/_cg/Inst_MEM.veo -view all
-origin_type imported
INFO:TclTasksC:2116 - The automatic calculation of top has been turned-off.
   Please set the new top explicitly by running the "project set top" command.
   To re-calculate the new top automatically, set the "Auto Implementation Top"
   property to true.
Top level has been set to "/Inst_MEM"
Generating README file...
Generating FLIST file...
INFO:sim:948 - Finished FLIST file generation.
Launching README viewer...
Moving files to output directory...
Finished moving files to output directory
Wrote CGP file for project 'Inst_MEM'.
